<!DOCTYPE html PUBLIC "-//W3C//DTD XHTML 1.1//EN" "https://www.w3.org/TR/xhtml11/DTD/xhtml11.dtd">
<html xmlns="https://www.w3.org/1999/xhtml">
<head>
<meta http-equiv="content-type" content="text/html; charset=UTF-8"/>
<title>TestNG Report</title>
<style type="text/css">table {margin-bottom:10px;border-collapse:collapse;empty-cells:show}th,td {border:1px solid #009;padding:.25em .5em}th {vertical-align:bottom}td {vertical-align:top}table a {font-weight:bold}.stripe td {background-color: #E6EBF9}.num {text-align:right}.passedodd td {background-color: #3F3}.passedeven td {background-color: #0A0}.skippedodd td {background-color: #DDD}.skippedeven td {background-color: #CCC}.failedodd td,.attn {background-color: #F33}.failedeven td,.stripe .attn {background-color: #D00}.stacktrace {white-space:pre;font-family:monospace}.totop {font-size:85%;text-align:center;border-bottom:2px solid #000}.invisible {display:none}</style>
</head>
<body>
<table>
<tr><th>Test</th><th># Passed</th><th># Skipped</th><th># Retried</th><th># Failed</th><th>Time (ms)</th><th>Included Groups</th><th>Excluded Groups</th></tr>
<tr><th colspan="8">Gradle suite</th></tr>
<tr><td><a href="#t0">Gradle test</a></td><td class="num">4</td><td class="num">0</td><td class="num">0</td><td class="num attn">5</td><td class="num">14,841</td><td></td><td></td></tr>
</table>
<table id='summary'><thead><tr><th>Class</th><th>Method</th><th>Start</th><th>Time (ms)</th></tr></thead><tbody><tr><th colspan="4">Gradle suite</th></tr></tbody><tbody id="t0"><tr><th colspan="4">Gradle test &#8212; failed</th></tr><tr class="failedeven"><td rowspan="2">App.TestRunner.ExperiBankTestRunner</td><td><a href="#m0">runScenario</a></td><td rowspan="2">1679569650733</td><td rowspan="2">5</td></tr><tr class="failedeven"><td><a href="#m1">runScenario</a></td></tr><tr class="failedodd"><td rowspan="3">Web.TestRunner.XYZBankTestRunner</td><td><a href="#m2">runScenario</a></td><td rowspan="3">1679569650767</td><td rowspan="3">1740</td></tr><tr class="failedodd"><td><a href="#m3">runScenario</a></td></tr><tr class="failedodd"><td><a href="#m4">runScenario</a></td></tr><tr><th colspan="4">Gradle test &#8212; passed</th></tr><tr class="passedeven"><td rowspan="1">Api.TestRunner.GetApiTestRunner</td><td><a href="#m5">runScenario</a></td><td rowspan="1">1679569638007</td><td rowspan="1">1384</td></tr><tr class="passedodd"><td rowspan="1">Api.TestRunner.PatchApiRunnerTests</td><td><a href="#m6">runScenario</a></td><td rowspan="1">1679569639429</td><td rowspan="1">739</td></tr><tr class="passedeven"><td rowspan="1">Api.TestRunner.PostApiRunnerTests</td><td><a href="#m7">runScenario</a></td><td rowspan="1">1679569640198</td><td rowspan="1">688</td></tr><tr class="passedodd"><td rowspan="1">Api.TestRunner.PutApiRunnerTests</td><td><a href="#m8">runScenario</a></td><td rowspan="1">1679569640919</td><td rowspan="1">718</td></tr></tbody>
</table>
<h2>Gradle test</h2><h3 id="m0">App.TestRunner.ExperiBankTestRunner#runScenario</h3><table class="result"><tr class="param"><th>Parameter #1</th><th>Parameter #2</th></tr><tr class="param stripe"><td>&quot;&quot;</td><td>&quot;Optional.empty&quot;</td></tr><tr><th colspan="2">Exception</th></tr><tr><td colspan="2"><div class="stacktrace">java.lang.NullPointerException
	at App.POM.AppElements.makePaymentTab(AppElements.java:29)
	at App.StepDefinition.EB2MakePaymentStepDefs.userClicksOnThrMakePaymentTab(EB2MakePaymentStepDefs.java:19)
	at ✽.user clicks on thr make payment tab(file:///F:/HybridFrameworkCucumber/src/test/resources/Feature/App/EB2MakePayment.feature:5)
</div></td></tr></table><p class="totop"><a href="#summary">back to summary</a></p>
<h3 id="m1">App.TestRunner.ExperiBankTestRunner#runScenario</h3><table class="result"><tr class="param"><th>Parameter #1</th><th>Parameter #2</th></tr><tr class="param stripe"><td>&quot;user login&quot;</td><td>&quot;Optional[AppTest]&quot;</td></tr><tr><th colspan="2">Exception</th></tr><tr><td colspan="2"><div class="stacktrace">org.openqa.selenium.SessionNotCreatedException: Could not start a new session. Response code 500. Message: An unknown server-side error occurred while processing the command. Original error: Error getting device API level. Original error: Error executing adbExec. Original error: &apos;Command &apos;C:\\Users\\HP\\AppData\\Local\\Android\\Sdk\\platform-tools\\adb.exe -P 5037 -s 87beccc2 shell getprop ro.build.version.sdk&apos; exited with code 1&apos;; Command output: adb.exe: device unauthorized.
This adb server&apos;s $ADB_VENDOR_KEYS is not set
Try &apos;adb kill-server&apos; if that seems wrong.
Otherwise check for a confirmation dialog on your device.
 
Host info: host: &apos;DESKTOP-257VOMS&apos;, ip: &apos;192.168.2.242&apos;
Build info: version: &apos;4.7.0&apos;, revision: &apos;0a5b49d16f&apos;
System info: os.name: &apos;Windows 10&apos;, os.arch: &apos;amd64&apos;, os.version: &apos;10.0&apos;, java.version: &apos;1.8.0_202&apos;
Driver info: io.appium.java_client.android.AndroidDriver
Command: [null, newSession {capabilities=[{appium:appActivity=.LoginActivity, appium:appPackage=com.experitest.ExperiBank, appium:deviceName=vivo 1818, platformName=ANDROID, appium:platformVersion=11.0, appium:udid=87beccc2}], desiredCapabilities=Capabilities {appActivity: .LoginActivity, appPackage: com.experitest.ExperiBank, deviceName: vivo 1818, platformName: ANDROID, platformVersion: 11.0, udid: 87beccc2}}]
Capabilities {}
	at org.openqa.selenium.remote.ProtocolHandshake.createSession(ProtocolHandshake.java:148)
	at io.appium.java_client.remote.AppiumProtocolHandshake.createSession(AppiumProtocolHandshake.java:133)
	at io.appium.java_client.remote.AppiumProtocolHandshake.createSession(AppiumProtocolHandshake.java:102)
	at io.appium.java_client.remote.AppiumCommandExecutor.createSession(AppiumCommandExecutor.java:194)
	at io.appium.java_client.remote.AppiumCommandExecutor.execute(AppiumCommandExecutor.java:262)
	at org.openqa.selenium.remote.RemoteWebDriver.execute(RemoteWebDriver.java:541)
	at io.appium.java_client.AppiumDriver.startSession(AppiumDriver.java:229)
	at org.openqa.selenium.remote.RemoteWebDriver.&lt;init&gt;(RemoteWebDriver.java:157)
	at io.appium.java_client.AppiumDriver.&lt;init&gt;(AppiumDriver.java:80)
	at io.appium.java_client.AppiumDriver.&lt;init&gt;(AppiumDriver.java:92)
	at io.appium.java_client.android.AndroidDriver.&lt;init&gt;(AndroidDriver.java:117)
	at App.Core.Helper.apkLaunch(Helper.java:25)
	at App.StepDefinition.EB1LoginStepDefs.appApkIsThere(EB1LoginStepDefs.java:18)
	at ✽.app apk is there(file:///F:/HybridFrameworkCucumber/src/test/resources/Feature/App/EB1Login.feature:5)
... Removed 4 stack frames</div></td></tr></table><p class="totop"><a href="#summary">back to summary</a></p>
<h3 id="m2">Web.TestRunner.XYZBankTestRunner#runScenario</h3><table class="result"><tr class="param"><th>Parameter #1</th><th>Parameter #2</th></tr><tr class="param stripe"><td>&quot;Manager adds a customer&quot;</td><td>&quot;Optional[Bank Manager Login (addCustomer)]&quot;</td></tr><tr><th colspan="2">Exception</th></tr><tr><td colspan="2"><div class="stacktrace">org.openqa.selenium.remote.http.ConnectionFailedException: Unable to establish websocket connection to http://localhost:56807/devtools/browser/baa324ae-47da-46de-b9c9-27ab82743aec
Build info: version: &apos;4.7.0&apos;, revision: &apos;0a5b49d16f&apos;
System info: os.name: &apos;Windows 10&apos;, os.arch: &apos;amd64&apos;, os.version: &apos;10.0&apos;, java.version: &apos;1.8.0_202&apos;
Driver info: driver.version: ChromeDriver
	at org.openqa.selenium.remote.http.netty.NettyWebSocket.&lt;init&gt;(NettyWebSocket.java:102)
	at org.openqa.selenium.remote.http.netty.NettyWebSocket.lambda$create$3(NettyWebSocket.java:128)
	at org.openqa.selenium.remote.http.netty.NettyClient.openSocket(NettyClient.java:107)
	at org.openqa.selenium.devtools.Connection.&lt;init&gt;(Connection.java:77)
	at org.openqa.selenium.chromium.ChromiumDriver.lambda$new$2(ChromiumDriver.java:116)
	at java.util.Optional.map(Optional.java:215)
	at org.openqa.selenium.chromium.ChromiumDriver.&lt;init&gt;(ChromiumDriver.java:114)
	at org.openqa.selenium.chrome.ChromeDriver.&lt;init&gt;(ChromeDriver.java:81)
	at org.openqa.selenium.chrome.ChromeDriver.&lt;init&gt;(ChromeDriver.java:70)
	at Web.Core.Helper.chromeLaunch(Helper.java:39)
	at Web.StepDefinition.BML1AddCustomerStepDef.managerLandsOnTheXYZBankHomePage(BML1AddCustomerStepDef.java:20)
	at ✽.Manager lands on the XYZ bank home page(file:///F:/HybridFrameworkCucumber/src/test/resources/Feature/Web/bml1AddCustomer.feature:5)
</div></td></tr></table><p class="totop"><a href="#summary">back to summary</a></p>
<h3 id="m3">Web.TestRunner.XYZBankTestRunner#runScenario</h3><table class="result"><tr class="param"><th>Parameter #1</th><th>Parameter #2</th></tr><tr class="param stripe"><td>&quot;Manager opens an account by linking newly created customer&quot;</td><td>&quot;Optional[Bank Manager Login (openAccount)]&quot;</td></tr><tr><th colspan="2">Exception</th></tr><tr><td colspan="2"><div class="stacktrace">java.lang.NullPointerException
	at Web.POM.XYZBankWebElements.openAccountTab(XYZBankWebElements.java:56)
	at Web.StepDefinition.BML2AddAccountStepDef.managerClicksOnOpenAccountTab(BML2AddAccountStepDef.java:16)
	at ✽.Manager clicks on open account tab(file:///F:/HybridFrameworkCucumber/src/test/resources/Feature/Web/bml2OpenAccount.feature:5)
</div></td></tr></table><p class="totop"><a href="#summary">back to summary</a></p>
<h3 id="m4">Web.TestRunner.XYZBankTestRunner#runScenario</h3><table class="result"><tr class="param"><th>Parameter #1</th><th>Parameter #2</th></tr><tr class="param stripe"><td>&quot;Manager deletes the new customer&quot;</td><td>&quot;Optional[Bank Manager Login (deleteCustomer)]&quot;</td></tr><tr><th colspan="2">Exception</th></tr><tr><td colspan="2"><div class="stacktrace">java.lang.NullPointerException
	at Web.POM.XYZBankWebElements.customersTab(XYZBankWebElements.java:126)
	at Web.StepDefinition.BML3DeleteCustomerStepDefinition.managerClicksOnTheCustomersTab(BML3DeleteCustomerStepDefinition.java:18)
	at ✽.manager clicks on the customers tab(file:///F:/HybridFrameworkCucumber/src/test/resources/Feature/Web/bml3DeleteCustomer.feature:5)
</div></td></tr></table><p class="totop"><a href="#summary">back to summary</a></p>
<h3 id="m5">Api.TestRunner.GetApiTestRunner#runScenario</h3><table class="result"><tr class="param"><th>Parameter #1</th><th>Parameter #2</th></tr><tr class="param stripe"><td>&quot;get api check of pages&quot;</td><td>&quot;Optional.empty&quot;</td></tr></table><p class="totop"><a href="#summary">back to summary</a></p>
<h3 id="m6">Api.TestRunner.PatchApiRunnerTests#runScenario</h3><table class="result"><tr class="param"><th>Parameter #1</th><th>Parameter #2</th></tr><tr class="param stripe"><td>&quot;&quot;</td><td>&quot;Optional.empty&quot;</td></tr></table><p class="totop"><a href="#summary">back to summary</a></p>
<h3 id="m7">Api.TestRunner.PostApiRunnerTests#runScenario</h3><table class="result"><tr class="param"><th>Parameter #1</th><th>Parameter #2</th></tr><tr class="param stripe"><td>&quot;&quot;</td><td>&quot;Optional[User Registration]&quot;</td></tr></table><p class="totop"><a href="#summary">back to summary</a></p>
<h3 id="m8">Api.TestRunner.PutApiRunnerTests#runScenario</h3><table class="result"><tr class="param"><th>Parameter #1</th><th>Parameter #2</th></tr><tr class="param stripe"><td>&quot;&quot;</td><td>&quot;Optional.empty&quot;</td></tr></table><p class="totop"><a href="#summary">back to summary</a></p>
</body>
</html>
