<html>
<head>
<title>TestNG:  Gradle test</title>
<link href="../testng.css" rel="stylesheet" type="text/css" />
<link href="../my-testng.css" rel="stylesheet" type="text/css" />

<style type="text/css">
.log { display: none;} 
.stack-trace { display: none;} 
</style>
<script type="text/javascript">
<!--
function flip(e) {
  current = e.style.display;
  if (current == 'block') {
    e.style.display = 'none';
    return 0;
  }
  else {
    e.style.display = 'block';
    return 1;
  }
}

function toggleBox(szDivId, elem, msg1, msg2)
{
  var res = -1;  if (document.getElementById) {
    res = flip(document.getElementById(szDivId));
  }
  else if (document.all) {
    // this is the way old msie versions work
    res = flip(document.all[szDivId]);
  }
  if(elem) {
    if(res == 0) elem.innerHTML = msg1; else elem.innerHTML = msg2;
  }

}

function toggleAllBoxes() {
  if (document.getElementsByTagName) {
    d = document.getElementsByTagName('div');
    for (i = 0; i < d.length; i++) {
      if (d[i].className == 'log') {
        flip(d[i]);
      }
    }
  }
}

// -->
</script>

</head>
<body>
<h2 align='center'>Gradle test</h2><table border='1' align="center">
<tr>
<td>Tests passed/Failed/Skipped:</td><td>4/5/0</td>
</tr><tr>
<td>Started on:</td><td>Thu Mar 23 17:07:17 BDT 2023</td>
</tr>
<tr><td>Total time:</td><td>14 seconds (14841 ms)</td>
</tr><tr>
<td>Included groups:</td><td></td>
</tr><tr>
<td>Excluded groups:</td><td></td>
</tr>
</table><p/>
<small><i>(Hover the method name to see the test class name)</i></small><p/>
<table width='100%' border='1' class='invocation-failed'>
<tr><td colspan='4' align='center'><b>FAILED TESTS</b></td></tr>
<tr><td><b>Test method</b></td>
<td width="30%"><b>Exception</b></td>
<td width="10%"><b>Time (seconds)</b></td>
<td><b>Instance</b></td>
</tr>
<tr>
<td title='App.TestRunner.ExperiBankTestRunner.runScenario()'><b>runScenario</b><br>Test class: App.TestRunner.ExperiBankTestRunner<br>Test method: Runs Cucumber Scenarios<br>Parameters: "user login", "Optional[AppTest]"</td>
<td><div><pre>org.openqa.selenium.SessionNotCreatedException: Could not start a new session. Response code 500. Message: An unknown server-side error occurred while processing the command. Original error: Error getting device API level. Original error: Error executing adbExec. Original error: &apos;Command &apos;C:\\Users\\HP\\AppData\\Local\\Android\\Sdk\\platform-tools\\adb.exe -P 5037 -s 87beccc2 shell getprop ro.build.version.sdk&apos; exited with code 1&apos;; Command output: adb.exe: device unauthorized.
This adb server&apos;s $ADB_VENDOR_KEYS is not set
Try &apos;adb kill-server&apos; if that seems wrong.
Otherwise check for a confirmation dialog on your device.
 
Host info: host: &apos;DESKTOP-257VOMS&apos;, ip: &apos;192.168.2.242&apos;
Build info: version: &apos;4.7.0&apos;, revision: &apos;0a5b49d16f&apos;
System info: os.name: &apos;Windows 10&apos;, os.arch: &apos;amd64&apos;, os.version: &apos;10.0&apos;, java.version: &apos;1.8.0_202&apos;
Driver info: io.appium.java_client.android.AndroidDriver
Command: [null, newSession {capabilities=[{appium:appActivity=.LoginActivity, appium:appPackage=com.experitest.ExperiBank, appium:deviceName=vivo 1818, platformName=ANDROID, appium:platformVersion=11.0, appium:udid=87beccc2}], desiredCapabilities=Capabilities {appActivity: .LoginActivity, appPackage: com.experitest.ExperiBank, deviceName: vivo 1818, platformName: ANDROID, platformVersion: 11.0, udid: 87beccc2}}]
Capabilities {}
	at org.openqa.selenium.remote.ProtocolHandshake.createSession(ProtocolHandshake.java:148)
	at io.appium.java_client.remote.AppiumProtocolHandshake.createSession(AppiumProtocolHandshake.java:133)
	at io.appium.java_client.remote.AppiumProtocolHandshake.createSession(AppiumProtocolHandshake.java:102)
	at io.appium.java_client.remote.AppiumCommandExecutor.createSession(AppiumCommandExecutor.java:194)
	at io.appium.java_client.remote.AppiumCommandExecutor.execute(AppiumCommandExecutor.java:262)
	at org.openqa.selenium.remote.RemoteWebDriver.execute(RemoteWebDriver.java:541)
	at io.appium.java_client.AppiumDriver.startSession(AppiumDriver.java:229)
	at org.openqa.selenium.remote.RemoteWebDriver.&lt;init&gt;(RemoteWebDriver.java:157)
	at io.appium.java_client.AppiumDriver.&lt;init&gt;(AppiumDriver.java:80)
	at io.appium.java_client.AppiumDriver.&lt;init&gt;(AppiumDriver.java:92)
	at io.appium.java_client.android.AndroidDriver.&lt;init&gt;(AndroidDriver.java:117)
	at App.Core.Helper.apkLaunch(Helper.java:25)
	at App.StepDefinition.EB1LoginStepDefs.appApkIsThere(EB1LoginStepDefs.java:18)
	at ?.app apk is there(file:///F:/HybridFrameworkCucumber/src/test/resources/Feature/App/EB1Login.feature:5)
... Removed 4 stack frames</pre></div><a href='#' onClick='toggleBox("stack-trace1156135967", this, "Click to show all stack frames", "Click to hide stack frames")'>Click to show all stack frames</a>
<div class='stack-trace' id='stack-trace1156135967'><pre>org.openqa.selenium.SessionNotCreatedException: Could not start a new session. Response code 500. Message: An unknown server-side error occurred while processing the command. Original error: Error getting device API level. Original error: Error executing adbExec. Original error: &apos;Command &apos;C:\\Users\\HP\\AppData\\Local\\Android\\Sdk\\platform-tools\\adb.exe -P 5037 -s 87beccc2 shell getprop ro.build.version.sdk&apos; exited with code 1&apos;; Command output: adb.exe: device unauthorized.
This adb server&apos;s $ADB_VENDOR_KEYS is not set
Try &apos;adb kill-server&apos; if that seems wrong.
Otherwise check for a confirmation dialog on your device.
 
Host info: host: &apos;DESKTOP-257VOMS&apos;, ip: &apos;192.168.2.242&apos;
Build info: version: &apos;4.7.0&apos;, revision: &apos;0a5b49d16f&apos;
System info: os.name: &apos;Windows 10&apos;, os.arch: &apos;amd64&apos;, os.version: &apos;10.0&apos;, java.version: &apos;1.8.0_202&apos;
Driver info: io.appium.java_client.android.AndroidDriver
Command: [null, newSession {capabilities=[{appium:appActivity=.LoginActivity, appium:appPackage=com.experitest.ExperiBank, appium:deviceName=vivo 1818, platformName=ANDROID, appium:platformVersion=11.0, appium:udid=87beccc2}], desiredCapabilities=Capabilities {appActivity: .LoginActivity, appPackage: com.experitest.ExperiBank, deviceName: vivo 1818, platformName: ANDROID, platformVersion: 11.0, udid: 87beccc2}}]
Capabilities {}
	at org.openqa.selenium.remote.ProtocolHandshake.createSession(ProtocolHandshake.java:148)
	at sun.reflect.NativeMethodAccessorImpl.invoke0(Native Method)
	at sun.reflect.NativeMethodAccessorImpl.invoke(NativeMethodAccessorImpl.java:62)
	at sun.reflect.DelegatingMethodAccessorImpl.invoke(DelegatingMethodAccessorImpl.java:43)
	at java.lang.reflect.Method.invoke(Method.java:498)
	at io.appium.java_client.remote.AppiumProtocolHandshake.createSession(AppiumProtocolHandshake.java:133)
	at io.appium.java_client.remote.AppiumProtocolHandshake.createSession(AppiumProtocolHandshake.java:102)
	at io.appium.java_client.remote.AppiumCommandExecutor.createSession(AppiumCommandExecutor.java:194)
	at io.appium.java_client.remote.AppiumCommandExecutor.execute(AppiumCommandExecutor.java:262)
	at org.openqa.selenium.remote.RemoteWebDriver.execute(RemoteWebDriver.java:541)
	at io.appium.java_client.AppiumDriver.startSession(AppiumDriver.java:229)
	at org.openqa.selenium.remote.RemoteWebDriver.&lt;init&gt;(RemoteWebDriver.java:157)
	at io.appium.java_client.AppiumDriver.&lt;init&gt;(AppiumDriver.java:80)
	at io.appium.java_client.AppiumDriver.&lt;init&gt;(AppiumDriver.java:92)
	at io.appium.java_client.android.AndroidDriver.&lt;init&gt;(AndroidDriver.java:117)
	at App.Core.Helper.apkLaunch(Helper.java:25)
	at App.StepDefinition.EB1LoginStepDefs.appApkIsThere(EB1LoginStepDefs.java:18)
	at ?.app apk is there(file:///F:/HybridFrameworkCucumber/src/test/resources/Feature/App/EB1Login.feature:5)
</pre></div></td>
<td>9</td>
<td>App.TestRunner.ExperiBankTestRunner@40ef3420</td></tr>
<tr>
<td title='App.TestRunner.ExperiBankTestRunner.runScenario()'><b>runScenario</b><br>Test class: App.TestRunner.ExperiBankTestRunner<br>Test method: Runs Cucumber Scenarios<br>Parameters: "", "Optional.empty"</td>
<td><div><pre>java.lang.NullPointerException
	at App.POM.AppElements.makePaymentTab(AppElements.java:29)
	at App.StepDefinition.EB2MakePaymentStepDefs.userClicksOnThrMakePaymentTab(EB2MakePaymentStepDefs.java:19)
	at ?.user clicks on thr make payment tab(file:///F:/HybridFrameworkCucumber/src/test/resources/Feature/App/EB2MakePayment.feature:5)
</pre></div><a href='#' onClick='toggleBox("stack-trace558624761", this, "Click to show all stack frames", "Click to hide stack frames")'>Click to show all stack frames</a>
<div class='stack-trace' id='stack-trace558624761'><pre>java.lang.NullPointerException
	at App.POM.AppElements.makePaymentTab(AppElements.java:29)
	at App.StepDefinition.EB2MakePaymentStepDefs.userClicksOnThrMakePaymentTab(EB2MakePaymentStepDefs.java:19)
	at ?.user clicks on thr make payment tab(file:///F:/HybridFrameworkCucumber/src/test/resources/Feature/App/EB2MakePayment.feature:5)
</pre></div></td>
<td>0</td>
<td>App.TestRunner.ExperiBankTestRunner@40ef3420</td></tr>
<tr>
<td title='Web.TestRunner.XYZBankTestRunner.runScenario()'><b>runScenario</b><br>Test class: Web.TestRunner.XYZBankTestRunner<br>Test method: Runs Cucumber Scenarios<br>Parameters: "Manager adds a customer", "Optional[Bank Manager Login (addCustomer)]"</td>
<td><div><pre>org.openqa.selenium.remote.http.ConnectionFailedException: Unable to establish websocket connection to http://localhost:56807/devtools/browser/baa324ae-47da-46de-b9c9-27ab82743aec
Build info: version: &apos;4.7.0&apos;, revision: &apos;0a5b49d16f&apos;
System info: os.name: &apos;Windows 10&apos;, os.arch: &apos;amd64&apos;, os.version: &apos;10.0&apos;, java.version: &apos;1.8.0_202&apos;
Driver info: driver.version: ChromeDriver
	at org.openqa.selenium.remote.http.netty.NettyWebSocket.&lt;init&gt;(NettyWebSocket.java:102)
	at org.openqa.selenium.remote.http.netty.NettyWebSocket.lambda$create$3(NettyWebSocket.java:128)
	at org.openqa.selenium.remote.http.netty.NettyClient.openSocket(NettyClient.java:107)
	at org.openqa.selenium.devtools.Connection.&lt;init&gt;(Connection.java:77)
	at org.openqa.selenium.chromium.ChromiumDriver.lambda$new$2(ChromiumDriver.java:116)
	at java.util.Optional.map(Optional.java:215)
	at org.openqa.selenium.chromium.ChromiumDriver.&lt;init&gt;(ChromiumDriver.java:114)
	at org.openqa.selenium.chrome.ChromeDriver.&lt;init&gt;(ChromeDriver.java:81)
	at org.openqa.selenium.chrome.ChromeDriver.&lt;init&gt;(ChromeDriver.java:70)
	at Web.Core.Helper.chromeLaunch(Helper.java:39)
	at Web.StepDefinition.BML1AddCustomerStepDef.managerLandsOnTheXYZBankHomePage(BML1AddCustomerStepDef.java:20)
	at ?.Manager lands on the XYZ bank home page(file:///F:/HybridFrameworkCucumber/src/test/resources/Feature/Web/bml1AddCustomer.feature:5)
</pre></div><a href='#' onClick='toggleBox("stack-trace2078237101", this, "Click to show all stack frames", "Click to hide stack frames")'>Click to show all stack frames</a>
<div class='stack-trace' id='stack-trace2078237101'><pre>org.openqa.selenium.remote.http.ConnectionFailedException: Unable to establish websocket connection to http://localhost:56807/devtools/browser/baa324ae-47da-46de-b9c9-27ab82743aec
Build info: version: &apos;4.7.0&apos;, revision: &apos;0a5b49d16f&apos;
System info: os.name: &apos;Windows 10&apos;, os.arch: &apos;amd64&apos;, os.version: &apos;10.0&apos;, java.version: &apos;1.8.0_202&apos;
Driver info: driver.version: ChromeDriver
	at org.openqa.selenium.remote.http.netty.NettyWebSocket.&lt;init&gt;(NettyWebSocket.java:102)
	at org.openqa.selenium.remote.http.netty.NettyWebSocket.lambda$create$3(NettyWebSocket.java:128)
	at org.openqa.selenium.remote.http.netty.NettyClient.openSocket(NettyClient.java:107)
	at org.openqa.selenium.devtools.Connection.&lt;init&gt;(Connection.java:77)
	at org.openqa.selenium.chromium.ChromiumDriver.lambda$new$2(ChromiumDriver.java:116)
	at java.util.Optional.map(Optional.java:215)
	at org.openqa.selenium.chromium.ChromiumDriver.&lt;init&gt;(ChromiumDriver.java:114)
	at org.openqa.selenium.chrome.ChromeDriver.&lt;init&gt;(ChromeDriver.java:81)
	at org.openqa.selenium.chrome.ChromeDriver.&lt;init&gt;(ChromeDriver.java:70)
	at Web.Core.Helper.chromeLaunch(Helper.java:39)
	at Web.StepDefinition.BML1AddCustomerStepDef.managerLandsOnTheXYZBankHomePage(BML1AddCustomerStepDef.java:20)
	at ?.Manager lands on the XYZ bank home page(file:///F:/HybridFrameworkCucumber/src/test/resources/Feature/Web/bml1AddCustomer.feature:5)
</pre></div></td>
<td>1</td>
<td>Web.TestRunner.XYZBankTestRunner@498d318c</td></tr>
<tr>
<td title='Web.TestRunner.XYZBankTestRunner.runScenario()'><b>runScenario</b><br>Test class: Web.TestRunner.XYZBankTestRunner<br>Test method: Runs Cucumber Scenarios<br>Parameters: "Manager opens an account by linking newly created customer", "Optional[Bank Manager Login (openAccount)]"</td>
<td><div><pre>java.lang.NullPointerException
	at Web.POM.XYZBankWebElements.openAccountTab(XYZBankWebElements.java:56)
	at Web.StepDefinition.BML2AddAccountStepDef.managerClicksOnOpenAccountTab(BML2AddAccountStepDef.java:16)
	at ?.Manager clicks on open account tab(file:///F:/HybridFrameworkCucumber/src/test/resources/Feature/Web/bml2OpenAccount.feature:5)
</pre></div><a href='#' onClick='toggleBox("stack-trace2007031139", this, "Click to show all stack frames", "Click to hide stack frames")'>Click to show all stack frames</a>
<div class='stack-trace' id='stack-trace2007031139'><pre>java.lang.NullPointerException
	at Web.POM.XYZBankWebElements.openAccountTab(XYZBankWebElements.java:56)
	at Web.StepDefinition.BML2AddAccountStepDef.managerClicksOnOpenAccountTab(BML2AddAccountStepDef.java:16)
	at ?.Manager clicks on open account tab(file:///F:/HybridFrameworkCucumber/src/test/resources/Feature/Web/bml2OpenAccount.feature:5)
</pre></div></td>
<td>0</td>
<td>Web.TestRunner.XYZBankTestRunner@498d318c</td></tr>
<tr>
<td title='Web.TestRunner.XYZBankTestRunner.runScenario()'><b>runScenario</b><br>Test class: Web.TestRunner.XYZBankTestRunner<br>Test method: Runs Cucumber Scenarios<br>Parameters: "Manager deletes the new customer", "Optional[Bank Manager Login (deleteCustomer)]"</td>
<td><div><pre>java.lang.NullPointerException
	at Web.POM.XYZBankWebElements.customersTab(XYZBankWebElements.java:126)
	at Web.StepDefinition.BML3DeleteCustomerStepDefinition.managerClicksOnTheCustomersTab(BML3DeleteCustomerStepDefinition.java:18)
	at ?.manager clicks on the customers tab(file:///F:/HybridFrameworkCucumber/src/test/resources/Feature/Web/bml3DeleteCustomer.feature:5)
</pre></div><a href='#' onClick='toggleBox("stack-trace1178270318", this, "Click to show all stack frames", "Click to hide stack frames")'>Click to show all stack frames</a>
<div class='stack-trace' id='stack-trace1178270318'><pre>java.lang.NullPointerException
	at Web.POM.XYZBankWebElements.customersTab(XYZBankWebElements.java:126)
	at Web.StepDefinition.BML3DeleteCustomerStepDefinition.managerClicksOnTheCustomersTab(BML3DeleteCustomerStepDefinition.java:18)
	at ?.manager clicks on the customers tab(file:///F:/HybridFrameworkCucumber/src/test/resources/Feature/Web/bml3DeleteCustomer.feature:5)
</pre></div></td>
<td>0</td>
<td>Web.TestRunner.XYZBankTestRunner@498d318c</td></tr>
</table><p>
<table width='100%' border='1' class='invocation-passed'>
<tr><td colspan='4' align='center'><b>PASSED TESTS</b></td></tr>
<tr><td><b>Test method</b></td>
<td width="30%"><b>Exception</b></td>
<td width="10%"><b>Time (seconds)</b></td>
<td><b>Instance</b></td>
</tr>
<tr>
<td title='Api.TestRunner.GetApiTestRunner.runScenario()'><b>runScenario</b><br>Test class: Api.TestRunner.GetApiTestRunner<br>Test method: Runs Cucumber Scenarios<br>Parameters: "get api check of pages", "Optional.empty"</td>
<td></td>
<td>1</td>
<td>Api.TestRunner.GetApiTestRunner@1ab3a8c8</td></tr>
<tr>
<td title='Api.TestRunner.PatchApiRunnerTests.runScenario()'><b>runScenario</b><br>Test class: Api.TestRunner.PatchApiRunnerTests<br>Test method: Runs Cucumber Scenarios<br>Parameters: "", "Optional.empty"</td>
<td></td>
<td>0</td>
<td>Api.TestRunner.PatchApiRunnerTests@43195e57</td></tr>
<tr>
<td title='Api.TestRunner.PostApiRunnerTests.runScenario()'><b>runScenario</b><br>Test class: Api.TestRunner.PostApiRunnerTests<br>Test method: Runs Cucumber Scenarios<br>Parameters: "", "Optional[User Registration]"</td>
<td></td>
<td>0</td>
<td>Api.TestRunner.PostApiRunnerTests@333291e3</td></tr>
<tr>
<td title='Api.TestRunner.PutApiRunnerTests.runScenario()'><b>runScenario</b><br>Test class: Api.TestRunner.PutApiRunnerTests<br>Test method: Runs Cucumber Scenarios<br>Parameters: "", "Optional.empty"</td>
<td></td>
<td>0</td>
<td>Api.TestRunner.PutApiRunnerTests@479d31f3</td></tr>
</table><p>
</body>
</html>