<?xml version="1.0" encoding="UTF-8"?>
<!-- Generated by org.testng.reporters.JUnitReportReporter -->
<testsuite skipped="0" hostname="DESKTOP-257VOMS" name="Web.TestRunner.XYZBankTestRunner" tests="3" failures="0" timestamp="2023-03-23T17:07:32 BDT" time="1.752" errors="3">
  <testcase name="runScenario" time="1.740" classname="Web.TestRunner.XYZBankTestRunner">
    <error type="org.openqa.selenium.remote.http.ConnectionFailedException" message="Unable to establish websocket connection to http://localhost:56807/devtools/browser/baa324ae-47da-46de-b9c9-27ab82743aec
Build info: version: &#039;4.7.0&#039;, revision: &#039;0a5b49d16f&#039;
System info: os.name: &#039;Windows 10&#039;, os.arch: &#039;amd64&#039;, os.version: &#039;10.0&#039;, java.version: &#039;1.8.0_202&#039;
Driver info: driver.version: ChromeDriver">
      <![CDATA[org.openqa.selenium.remote.http.ConnectionFailedException: Unable to establish websocket connection to http://localhost:56807/devtools/browser/baa324ae-47da-46de-b9c9-27ab82743aec
Build info: version: '4.7.0', revision: '0a5b49d16f'
System info: os.name: 'Windows 10', os.arch: 'amd64', os.version: '10.0', java.version: '1.8.0_202'
Driver info: driver.version: ChromeDriver
at org.openqa.selenium.remote.http.netty.NettyWebSocket.<init>(NettyWebSocket.java:102)
at org.openqa.selenium.remote.http.netty.NettyWebSocket.lambda$create$3(NettyWebSocket.java:128)
at org.openqa.selenium.remote.http.netty.NettyClient.openSocket(NettyClient.java:107)
at org.openqa.selenium.devtools.Connection.<init>(Connection.java:77)
at org.openqa.selenium.chromium.ChromiumDriver.lambda$new$2(ChromiumDriver.java:116)
at java.util.Optional.map(Optional.java:215)
at org.openqa.selenium.chromium.ChromiumDriver.<init>(ChromiumDriver.java:114)
at org.openqa.selenium.chrome.ChromeDriver.<init>(ChromeDriver.java:81)
at org.openqa.selenium.chrome.ChromeDriver.<init>(ChromeDriver.java:70)
at Web.Core.Helper.chromeLaunch(Helper.java:39)
at Web.StepDefinition.BML1AddCustomerStepDef.managerLandsOnTheXYZBankHomePage(BML1AddCustomerStepDef.java:20)
at ✽.Manager lands on the XYZ bank home page(file:///F:/HybridFrameworkCucumber/src/test/resources/Feature/Web/bml1AddCustomer.feature:5)
]]>
    </error>
  </testcase> <!-- runScenario -->
  <system-out/>
  <testcase name="runScenario" time="0.007" classname="Web.TestRunner.XYZBankTestRunner">
    <error type="java.lang.NullPointerException">
      <![CDATA[java.lang.NullPointerException
at Web.POM.XYZBankWebElements.openAccountTab(XYZBankWebElements.java:56)
at Web.StepDefinition.BML2AddAccountStepDef.managerClicksOnOpenAccountTab(BML2AddAccountStepDef.java:16)
at ✽.Manager clicks on open account tab(file:///F:/HybridFrameworkCucumber/src/test/resources/Feature/Web/bml2OpenAccount.feature:5)
]]>
    </error>
  </testcase> <!-- runScenario -->
  <system-out/>
  <testcase name="runScenario" time="0.005" classname="Web.TestRunner.XYZBankTestRunner">
    <error type="java.lang.NullPointerException">
      <![CDATA[java.lang.NullPointerException
at Web.POM.XYZBankWebElements.customersTab(XYZBankWebElements.java:126)
at Web.StepDefinition.BML3DeleteCustomerStepDefinition.managerClicksOnTheCustomersTab(BML3DeleteCustomerStepDefinition.java:18)
at ✽.manager clicks on the customers tab(file:///F:/HybridFrameworkCucumber/src/test/resources/Feature/Web/bml3DeleteCustomer.feature:5)
]]>
    </error>
  </testcase> <!-- runScenario -->
  <system-out/>
</testsuite> <!-- Web.TestRunner.XYZBankTestRunner -->
